<?xml version="1.0" encoding="UTF-8"?>
<!-- Generated by org.testng.reporters.JUnitReportReporter -->
<testsuite skipped="0" hostname="RCBLLT062" name="com.alm.qa.testcases.ValidationTest" tests="1" failures="0" timestamp="06 May 2019 08:34:16 GMT" time="331.029" errors="0">
  <testcase name="ValidateTest" time="331.029" classname="com.alm.qa.testcases.ValidationTest"/>
</testsuite> <!-- com.alm.qa.testcases.ValidationTest -->
