<?xml version="1.0" encoding="UTF-8"?>
<!-- Generated by org.testng.reporters.JUnitReportReporter -->
<testsuite skipped="0" hostname="RCBLLT062" name="com.alm.qa.testcases.LoginPageTest" tests="2" failures="0" timestamp="13 May 2019 13:01:47 GMT" time="25.655" errors="0">
  <testcase name="loginPageTitleTest" time="0.035" classname="com.alm.qa.testcases.LoginPageTest"/>
  <testcase name="LoginTest" time="25.620" classname="com.alm.qa.testcases.LoginPageTest"/>
</testsuite> <!-- com.alm.qa.testcases.LoginPageTest -->
