<?xml version="1.0" encoding="UTF-8"?>
<!-- Generated by org.testng.reporters.JUnitReportReporter -->
<testsuite skipped="0" hostname="RCBLLT062" name="com.alm.qa.testcases.LoginPageTest" tests="1" failures="0" timestamp="05 May 2019 16:04:34 GMT" time="333.271" errors="0">
  <testcase name="ValidateTest" time="333.271" classname="com.alm.qa.testcases.LoginPageTest"/>
</testsuite> <!-- com.alm.qa.testcases.LoginPageTest -->
