<?xml version="1.0" encoding="UTF-8"?>
<!-- Generated by org.testng.reporters.JUnitReportReporter -->
<testsuite skipped="0" hostname="RCBLLT062" name="com.alm.qa.testcases.HomePageTest" tests="2" failures="0" timestamp="05 May 2019 04:47:40 GMT" time="119.858" errors="0">
  <testcase name="verifyHomePageTitleTest" time="52.726" classname="com.alm.qa.testcases.HomePageTest"/>
  <testcase name="spfxNavTest" time="67.132" classname="com.alm.qa.testcases.HomePageTest"/>
</testsuite> <!-- com.alm.qa.testcases.HomePageTest -->
