<?xml version="1.0" encoding="UTF-8"?>
<!-- Generated by org.testng.reporters.JUnitReportReporter -->
<testsuite skipped="0" hostname="RCBLLT062" name="com.alm.qa.testcases.LoginPageTest" tests="2" failures="0" timestamp="09 May 2019 08:55:54 GMT" time="28.661" errors="0">
  <testcase name="loginPageTitleTest" time="5.569" classname="com.alm.qa.testcases.LoginPageTest"/>
  <testcase name="LoginTest" time="23.092" classname="com.alm.qa.testcases.LoginPageTest"/>
</testsuite> <!-- com.alm.qa.testcases.LoginPageTest -->
